<?xml version="1.0" ?>
<!DOCTYPE coverage SYSTEM "http://cobertura.sourceforge.net/xml/coverage-04.dtd">
<coverage lines-valid="61" lines-covered="57" line-rate="0.9344" branches-valid="23" branches-covered="17" branch-rate="0.7391" timestamp="1710314095823" complexity="0" version="0.1">
  <sources>
    <source>collect-coverage-action</source>
  </sources>
  <packages>
    <package name="main" line-rate="0.9344" branch-rate="0.7391">
      <classes>
        <class name="coverage.ts" filename="src/coverage.ts" line-rate="0.9344" branch-rate="0.7391">
          <methods>
            <method name="generateSummary" hits="1" signature="()V">
              <lines>
                <line number="22" hits="1"/>
              </lines>
            </method>
            <method name="(anonymous_1)" hits="1" signature="()V">
              <lines>
                <line number="26" hits="1"/>
              </lines>
            </method>
            <method name="coverageRecordsToSummary" hits="1" signature="()V">
              <lines>
                <line number="35" hits="1"/>
              </lines>
            </method>
            <method name="(anonymous_3)" hits="3" signature="()V">
              <lines>
                <line number="45" hits="3"/>
              </lines>
            </method>
            <method name="(anonymous_4)" hits="3" signature="()V">
              <lines>
                <line number="53" hits="3"/>
              </lines>
            </method>
            <method name="loadLCOV" hits="1" signature="()V">
              <lines>
                <line number="60" hits="1"/>
              </lines>
            </method>
            <method name="loadCobertura" hits="1" signature="()V">
              <lines>
                <line number="64" hits="1"/>
              </lines>
            </method>
            <method name="loadSummary" hits="2" signature="()V">
              <lines>
                <line number="92" hits="2"/>
              </lines>
            </method>
            <method name="run" hits="5" signature="()V">
              <lines>
                <line number="100" hits="5"/>
              </lines>
            </method>
            <method name="publishCoverage" hits="5" signature="()V">
              <lines>
                <line number="120" hits="5"/>
              </lines>
            </method>
          </methods>
          <lines>
            <line number="1" hits="1" branch="false"/>
            <line number="2" hits="1" branch="false"/>
            <line number="3" hits="1" branch="false"/>
            <line number="9" hits="1" branch="false"/>
            <line number="10" hits="1" branch="false"/>
            <line number="23" hits="1" branch="false"/>
            <line number="24" hits="1" branch="false"/>
            <line number="25" hits="1" branch="false"/>
            <line number="26" hits="1" branch="false"/>
            <line number="27" hits="1" branch="false"/>
            <line number="28" hits="1" branch="false"/>
            <line number="29" hits="1" branch="false"/>
            <line number="32" hits="1" branch="false"/>
            <line number="36" hits="1" branch="false"/>
            <line number="37" hits="1" branch="false"/>
            <line number="44" hits="1" branch="false"/>
            <line number="45" hits="1" branch="false"/>
            <line number="46" hits="3" branch="true" condition-coverage="100% (1/1)"/>
            <line number="47" hits="3" branch="true" condition-coverage="75% (3/4)"/>
            <line number="48" hits="3" branch="true" condition-coverage="75% (3/4)"/>
            <line number="53" hits="1" branch="false"/>
            <line number="54" hits="3" branch="false"/>
            <line number="57" hits="1" branch="false"/>
            <line number="61" hits="1" branch="false"/>
            <line number="64" hits="1" branch="false"/>
            <line number="65" hits="1" branch="false"/>
            <line number="72" hits="1" branch="false"/>
            <line number="73" hits="1" branch="false"/>
            <line number="89" hits="1" branch="false"/>
            <line number="93" hits="2" branch="false"/>
            <line number="94" hits="2" branch="false"/>
            <line number="95" hits="2" branch="false"/>
            <line number="96" hits="2" branch="false"/>
            <line number="97" hits="2" branch="false"/>
            <line number="100" hits="1" branch="false"/>
            <line number="101" hits="5" branch="false"/>
            <line number="103" hits="5" branch="true" condition-coverage="100% (2/2)"/>
            <line number="104" hits="2" branch="false"/>
            <line number="105" hits="2" branch="false"/>
            <line number="106" hits="3" branch="true" condition-coverage="100% (2/2)"/>
            <line number="107" hits="1" branch="false"/>
            <line number="108" hits="1" branch="false"/>
            <line number="109" hits="2" branch="true" condition-coverage="100% (2/2)"/>
            <line number="110" hits="1" branch="false"/>
            <line number="111" hits="1" branch="true" condition-coverage="50% (1/2)"/>
            <line number="112" hits="1" branch="false"/>
            <line number="114" hits="0" branch="false"/>
            <line number="117" hits="5" branch="false"/>
            <line number="121" hits="5" branch="false"/>
            <line number="122" hits="20" branch="false"/>
            <line number="123" hits="20" branch="false"/>
            <line number="124" hits="20" branch="false"/>
            <line number="126" hits="20" branch="true" condition-coverage="100% (1/1)"/>
            <line number="127" hits="15" branch="true" condition-coverage="100% (1/1)"/>
            <line number="128" hits="15" branch="false"/>
            <line number="136" hits="15" branch="true" condition-coverage="0% (0/1)"/>
            <line number="138" hits="0" branch="false"/>
            <line number="139" hits="0" branch="false"/>
            <line number="141" hits="15" branch="false"/>
            <line number="147" hits="15" branch="true" condition-coverage="0% (0/1)"/>
            <line number="148" hits="0" branch="false"/>
          </lines>
        </class>
      </classes>
    </package>
  </packages>
</coverage>
