TN:
SF:src/coverage.ts
FN:15,generateSummary
FN:19,(anonymous_1)
FN:28,loadSummary
FN:36,run
FN:51,publishCoverage
FNF:5
FNH:5
FNDA:1,generateSummary
FNDA:1,(anonymous_1)
FNDA:2,loadSummary
FNDA:3,run
FNDA:3,publishCoverage
DA:1,1
DA:2,1
DA:3,1
DA:16,1
DA:17,1
DA:18,1
DA:19,1
DA:20,1
DA:21,1
DA:22,1
DA:25,1
DA:29,2
DA:30,2
DA:31,2
DA:32,2
DA:33,2
DA:36,1
DA:37,3
DA:38,3
DA:40,3
DA:41,2
DA:42,1
DA:43,1
DA:45,0
DA:48,3
DA:52,3
DA:53,12
DA:54,12
DA:55,12
DA:57,12
DA:58,10
DA:59,10
DA:67,10
DA:69,0
DA:70,0
DA:72,10
DA:78,10
DA:79,0
LF:38
LH:34
BRDA:40,0,0,2
BRDA:40,0,1,1
BRDA:42,1,0,1
BRDA:42,1,1,0
BRDA:57,2,0,10
BRDA:58,3,0,10
BRDA:67,4,0,0
BRDA:78,5,0,0
BRF:8
BRH:5
end_of_record
